<?xml version="1.0" encoding="UTF-8" ?>
<testsuite errors="0" failures="0" hostname="LucianoNotebook" name="fiuba.algo3.unit.PersonajeNovatoTest" skipped="0" tests="3" time="0.005" timestamp="2014-07-02T16:08:11">
  <properties>
    <property name="java.vendor" value="Oracle Corporation" />
    <property name="coverage.summaryxml.dir" value="C:\Chano\UBA\Algoritmos y Programacion III\Eclipse-Workspace\AlgoThief\build\reports\cobertura-summary-xml" />
    <property name="libs" value="C:\Chano\UBA\Algoritmos y Programacion III\Eclipse-Workspace\AlgoThief\libs" />
    <property name="sun.java.launcher" value="SUN_STANDARD" />
    <property name="sun.management.compiler" value="HotSpot 64-Bit Tiered Compilers" />
    <property name="os.name" value="Windows 7" />
    <property name="sun.boot.class.path" value="C:\Program Files\Java\jdk1.8.0\jre\lib\resources.jar;C:\Program Files\Java\jdk1.8.0\jre\lib\rt.jar;C:\Program Files\Java\jdk1.8.0\jre\lib\sunrsasign.jar;C:\Program Files\Java\jdk1.8.0\jre\lib\jsse.jar;C:\Program Files\Java\jdk1.8.0\jre\lib\jce.jar;C:\Program Files\Java\jdk1.8.0\jre\lib\charsets.jar;C:\Program Files\Java\jdk1.8.0\jre\lib\jfr.jar;C:\Program Files\Java\jdk1.8.0\jre\classes" />
    <property name="reports.html.dir" value="C:\Chano\UBA\Algoritmos y Programacion III\Eclipse-Workspace\AlgoThief\build\reports\junit-html" />
    <property name="sun.desktop" value="windows" />
    <property name="ant.file.type.tp-final-algo3" value="file" />
    <property name="java.vm.specification.vendor" value="Oracle Corporation" />
    <property name="net.sourceforge.cobertura.datafile" value="C:\Chano\UBA\Algoritmos y Programacion III\Eclipse-Workspace\AlgoThief\build\cobertura.ser" />
    <property name="ant.home" value="C:\Program Files\Java\apache-ant-1.9.4\bin\.." />
    <property name="java.runtime.version" value="1.8.0-b132" />
    <property name="cobertura.dir" value="C:\Chano\UBA\Algoritmos y Programacion III\Eclipse-Workspace\AlgoThief\libs" />
    <property name="user.name" value="Luciano" />
    <property name="user.language" value="es" />
    <property name="build" value="C:\Chano\UBA\Algoritmos y Programacion III\Eclipse-Workspace\AlgoThief\build" />
    <property name="sun.boot.library.path" value="C:\Program Files\Java\jdk1.8.0\jre\bin" />
    <property name="reports.dir" value="C:\Chano\UBA\Algoritmos y Programacion III\Eclipse-Workspace\AlgoThief\build\reports" />
    <property name="ant.project.default-target" value="test" />
    <property name="ant.project.name" value="tp-final-algo3" />
    <property name="java.version" value="1.8.0" />
    <property name="coverage.html.dir" value="C:\Chano\UBA\Algoritmos y Programacion III\Eclipse-Workspace\AlgoThief\build\reports\cobertura-html" />
    <property name="user.timezone" value="America/Buenos_Aires" />
    <property name="sun.arch.data.model" value="64" />
    <property name="java.endorsed.dirs" value="C:\Program Files\Java\jdk1.8.0\jre\lib\endorsed" />
    <property name="sun.cpu.isalist" value="amd64" />
    <property name="sun.jnu.encoding" value="Cp1252" />
    <property name="file.encoding.pkg" value="sun.io" />
    <property name="file.separator" value="\" />
    <property name="java.specification.name" value="Java Platform API Specification" />
    <property name="classes.dir" value="C:\Chano\UBA\Algoritmos y Programacion III\Eclipse-Workspace\AlgoThief\build" />
    <property name="java.class.version" value="52.0" />
    <property name="user.country" value="AR" />
    <property name="java.home" value="C:\Program Files\Java\jdk1.8.0\jre" />
    <property name="java.vm.info" value="mixed mode" />
    <property name="ant.file" value="C:\Chano\UBA\Algoritmos y Programacion III\Eclipse-Workspace\AlgoThief\build.xml" />
    <property name="os.version" value="6.1" />
    <property name="path.separator" value=";" />
    <property name="java.vm.version" value="25.0-b70" />
    <property name="user.variant" value="" />
    <property name="ant.library.dir" value="C:\Program Files\Java\apache-ant-1.9.4\lib" />
    <property name="java.awt.printerjob" value="sun.awt.windows.WPrinterJob" />
    <property name="sun.io.unicode.encoding" value="UnicodeLittle" />
    <property name="awt.toolkit" value="sun.awt.windows.WToolkit" />
    <property name="sun.stdout.encoding" value="cp850" />
    <property name="user.script" value="" />
    <property name="reports.xml.dir" value="C:\Chano\UBA\Algoritmos y Programacion III\Eclipse-Workspace\AlgoThief\build\reports\junit-xml" />
    <property name="user.home" value="C:\Users\Luciano" />
    <property name="java.specification.vendor" value="Oracle Corporation" />
    <property name="coverage.xml.dir" value="C:\Chano\UBA\Algoritmos y Programacion III\Eclipse-Workspace\AlgoThief\build\reports\cobertura-xml" />
    <property name="java.library.path" value="C:\Program Files\Java\jdk1.8.0\jre\bin;C:\windows\Sun\Java\bin;C:\windows\system32;C:\windows;C:\Program Files\Common Files\Microsoft Shared\Windows Live;C:\Program Files (x86)\Common Files\Microsoft Shared\Windows Live;C:\windows\system32;C:\windows;C:\windows\System32\Wbem;C:\windows\System32\WindowsPowerShell\v1.0\;C:\Program Files (x86)\Windows Live\Shared;C:\FPC\2.6.2\bin\i386-Win32;c:\Program Files (x86)\Microsoft SQL Server\100\Tools\Binn\;c:\Program Files\Microsoft SQL Server\100\Tools\Binn\;c:\Program Files\Microsoft SQL Server\100\DTS\Binn\;C:\Program Files (x86)\Microsoft SQL Server\100\Tools\Binn\VSShell\Common7\IDE\;C:\Program Files (x86)\Microsoft Visual Studio 9.0\Common7\IDE\PrivateAssemblies\;C:\Program Files (x86)\Microsoft SQL Server\100\DTS\Binn\;C:\Program Files\Java\jdk1.8.0\bin;C:\Program Files\Java\apache-ant-1.9.4\bin;." />
    <property name="java.vendor.url" value="http://java.oracle.com/" />
    <property name="java.vm.vendor" value="Oracle Corporation" />
    <property name="java.runtime.name" value="Java(TM) SE Runtime Environment" />
    <property name="sun.java.command" value="org.apache.tools.ant.taskdefs.optional.junit.JUnitTestRunner testsfile=C:\Chano\UBA\Algoritmos y Programacion III\Eclipse-Workspace\AlgoThief\junittestcases4459754180664670324.properties skipNonTests=false filtertrace=true haltOnError=false haltOnFailure=false showoutput=false outputtoformatters=true logfailedtests=true threadid=0 logtestlistenerevents=false formatter=org.apache.tools.ant.taskdefs.optional.junit.XMLJUnitResultFormatter,C:\Chano\UBA\Algoritmos y Programacion III\Eclipse-Workspace\AlgoThief\build\reports\junit-xml\IGNORETHIS.xml crashfile=C:\Chano\UBA\Algoritmos y Programacion III\Eclipse-Workspace\AlgoThief\junitvmwatcher9052754844065687185.properties propsfile=C:\Chano\UBA\Algoritmos y Programacion III\Eclipse-Workspace\AlgoThief\junit6160500739701220412.properties" />
    <property name="java.class.path" value="C:\Chano\UBA\Algoritmos y Programacion III\Eclipse-Workspace\AlgoThief\build\instrumented;C:\Chano\UBA\Algoritmos y Programacion III\Eclipse-Workspace\AlgoThief\build;C:\Chano\UBA\Algoritmos y Programacion III\Eclipse-Workspace\AlgoThief\libs\asm-3.0.jar;C:\Chano\UBA\Algoritmos y Programacion III\Eclipse-Workspace\AlgoThief\libs\asm-tree-3.0.jar;C:\Chano\UBA\Algoritmos y Programacion III\Eclipse-Workspace\AlgoThief\libs\checkstyle-5.5-all.jar;C:\Chano\UBA\Algoritmos y Programacion III\Eclipse-Workspace\AlgoThief\libs\cobertura.jar;C:\Chano\UBA\Algoritmos y Programacion III\Eclipse-Workspace\AlgoThief\libs\jakarta-oro-2.0.8.jar;C:\Chano\UBA\Algoritmos y Programacion III\Eclipse-Workspace\AlgoThief\libs\junit-4.10.jar;C:\Chano\UBA\Algoritmos y Programacion III\Eclipse-Workspace\AlgoThief\libs\log4j-1.2.9.jar;C:\Chano\UBA\Algoritmos y Programacion III\Eclipse-Workspace\AlgoThief\libs\mockito-all-1.9.0.jar;C:\Chano\UBA\Algoritmos y Programacion III\Eclipse-Workspace\AlgoThief\build\tests;C:\Program Files\Java\apache-ant-1.9.4\lib\ant-launcher.jar;C:\Program Files\Java\apache-ant-1.9.4\lib\ant.jar;C:\Program Files\Java\apache-ant-1.9.4\lib\ant-junit.jar;C:\Program Files\Java\apache-ant-1.9.4\lib\ant-junit4.jar" />
    <property name="ant.version" value="Apache Ant(TM) version 1.9.4 compiled on April 29 2014" />
    <property name="java.vm.specification.name" value="Java Virtual Machine Specification" />
    <property name="ant.file.type" value="file" />
    <property name="java.vm.specification.version" value="1.8" />
    <property name="sun.cpu.endian" value="little" />
    <property name="sun.os.patch.level" value="Service Pack 1" />
    <property name="java.io.tmpdir" value="C:\Users\Luciano\AppData\Local\Temp\" />
    <property name="java.vendor.url.bug" value="http://bugreport.sun.com/bugreport/" />
    <property name="os.arch" value="amd64" />
    <property name="java.awt.graphicsenv" value="sun.awt.Win32GraphicsEnvironment" />
    <property name="instrumented.dir" value="C:\Chano\UBA\Algoritmos y Programacion III\Eclipse-Workspace\AlgoThief\build\instrumented" />
    <property name="java.ext.dirs" value="C:\Program Files\Java\jdk1.8.0\jre\lib\ext;C:\windows\Sun\Java\lib\ext" />
    <property name="user.dir" value="C:\Chano\UBA\Algoritmos y Programacion III\Eclipse-Workspace\AlgoThief" />
    <property name="line.separator" value="&#xd;&#xa;" />
    <property name="java.vm.name" value="Java HotSpot(TM) 64-Bit Server VM" />
    <property name="basedir" value="C:\Chano\UBA\Algoritmos y Programacion III\Eclipse-Workspace\AlgoThief" />
    <property name="ant.java.version" value="1.8" />
    <property name="ant.core.lib" value="C:\Program Files\Java\apache-ant-1.9.4\lib\ant.jar" />
    <property name="file.encoding" value="Cp1252" />
    <property name="sun.stderr.encoding" value="cp850" />
    <property name="ant.file.tp-final-algo3" value="C:\Chano\UBA\Algoritmos y Programacion III\Eclipse-Workspace\AlgoThief\build.xml" />
    <property name="java.specification.version" value="1.8" />
    <property name="src.dir" value="C:\Chano\UBA\Algoritmos y Programacion III\Eclipse-Workspace\AlgoThief\src" />
    <property name="ant.project.invoked-targets" value="test" />
  </properties>
  <testcase classname="fiuba.algo3.unit.PersonajeNovatoTest" name="deberiaDevolverHorasLimiteCorrectas" time="0.001" />
  <testcase classname="fiuba.algo3.unit.PersonajeNovatoTest" name="deberiaDevolverHorasRestantesCorrectas" time="0.001" />
  <testcase classname="fiuba.algo3.unit.PersonajeNovatoTest" name="deberiaDevolverUbicacionCorrecta" time="0.0" />
  <system-out><![CDATA[]]></system-out>
  <system-err><![CDATA[]]></system-err>
</testsuite>
